2017-04-05 10:30:09,400 [Worker-0] INFO  c.g.t.t.d.PublishedGradleVersions - Gradle version information cache is out-of-date. Trying to update.
2017-04-05 10:31:39,146 [ModalContext] INFO  o.e.m.c.i.e.AbstractTransferListenerAdapter - Downloading https://repo.maven.apache.org/maven2/org/apache/maven/archetypes/maven-archetype-quickstart/1.1/maven-archetype-quickstart-1.1.jar
2017-04-05 10:31:39,178 [ModalContext] INFO  o.e.m.c.i.e.AbstractTransferListenerAdapter - Downloaded https://repo.maven.apache.org/maven2/org/apache/maven/archetypes/maven-archetype-quickstart/1.1/maven-archetype-quickstart-1.1.jar
2017-04-05 10:31:39,204 [ModalContext] INFO  o.e.m.c.i.e.AbstractTransferListenerAdapter - Downloading https://repo.maven.apache.org/maven2/org/apache/maven/archetypes/maven-archetype-quickstart/1.1/maven-archetype-quickstart-1.1.pom
2017-04-05 10:31:39,223 [ModalContext] INFO  o.e.m.c.i.e.AbstractTransferListenerAdapter - Downloaded https://repo.maven.apache.org/maven2/org/apache/maven/archetypes/maven-archetype-quickstart/1.1/maven-archetype-quickstart-1.1.pom
2017-04-05 10:33:09,515 [Worker-5] INFO  o.e.m.c.i.l.LifecycleMappingFactory - Using org.eclipse.m2e.jdt.JarLifecycleMapping lifecycle mapping for MavenProject: osm2csv:osm2csv:0.0.1-SNAPSHOT @ E:\Program_Workspaces\Eclipse_WSP\Java\osm2csv\osm2csv\pom.xml.
2017-04-05 10:33:10,606 [Worker-1] WARN  o.e.m.c.i.embedder.EclipseLogger - Using platform encoding (Cp1252 actually) to copy filtered resources, i.e. build is platform dependent!
2017-04-05 10:33:10,608 [Worker-1] INFO  o.e.m.c.i.embedder.EclipseLogger - skip non existing resourceDirectory E:\Program_Workspaces\Eclipse_WSP\Java\osm2csv\osm2csv\src\main\resources
2017-04-05 10:33:10,610 [Worker-1] WARN  o.e.m.c.i.embedder.EclipseLogger - Using platform encoding (Cp1252 actually) to copy filtered resources, i.e. build is platform dependent!
2017-04-05 10:33:10,610 [Worker-1] INFO  o.e.m.c.i.embedder.EclipseLogger - skip non existing resourceDirectory E:\Program_Workspaces\Eclipse_WSP\Java\osm2csv\osm2csv\src\test\resources
2017-04-05 10:33:10,614 [Worker-5] INFO  o.e.m.j.i.AbstractJavaProjectConfigurator - Adding source folder /osm2csv/src
2017-04-05 10:33:10,615 [Worker-5] INFO  o.e.m.j.i.AbstractJavaProjectConfigurator - Not adding source folder /osm2csv/src/test/java because it overlaps with /osm2csv/src
2017-04-05 10:33:10,663 [Worker-5] INFO  o.e.m.c.i.p.ProjectConfigurationManager - Update started
2017-04-05 10:33:10,970 [Worker-5] INFO  o.e.m.c.i.l.LifecycleMappingFactory - Using org.eclipse.m2e.jdt.JarLifecycleMapping lifecycle mapping for MavenProject: osm2csv:osm2csv:0.0.1-SNAPSHOT @ E:\Program_Workspaces\Eclipse_WSP\Java\osm2csv\osm2csv\pom.xml.
2017-04-05 10:33:11,149 [Worker-5] INFO  o.e.m.j.i.AbstractJavaProjectConfigurator - Adding source folder /osm2csv/src
2017-04-05 10:33:11,150 [Worker-5] INFO  o.e.m.j.i.AbstractJavaProjectConfigurator - Not adding source folder /osm2csv/src/test/java because it overlaps with /osm2csv/src
2017-04-05 10:33:11,183 [Worker-5] INFO  o.e.m.c.i.p.ProjectConfigurationManager - Update completed: 0 sec
2017-04-05 10:33:11,685 [Worker-10] WARN  o.e.m.c.i.embedder.EclipseLogger - Using platform encoding (Cp1252 actually) to copy filtered resources, i.e. build is platform dependent!
2017-04-05 10:33:11,688 [Worker-10] INFO  o.e.m.c.i.embedder.EclipseLogger - skip non existing resourceDirectory E:\Program_Workspaces\Eclipse_WSP\Java\osm2csv\osm2csv\src\main\resources
2017-04-05 10:33:11,690 [Worker-10] WARN  o.e.m.c.i.embedder.EclipseLogger - Using platform encoding (Cp1252 actually) to copy filtered resources, i.e. build is platform dependent!
2017-04-05 10:33:11,691 [Worker-10] INFO  o.e.m.c.i.embedder.EclipseLogger - skip non existing resourceDirectory E:\Program_Workspaces\Eclipse_WSP\Java\osm2csv\osm2csv\src\test\resources
2017-04-05 10:36:02,263 [Worker-1] INFO  o.e.m.c.i.l.LifecycleMappingFactory - Using org.eclipse.m2e.jdt.JarLifecycleMapping lifecycle mapping for MavenProject: osm2csv:osm2csv:0.0.1-SNAPSHOT @ E:\Program_Workspaces\Eclipse_WSP\Java\osm2csv\osm2csv\pom.xml.
2017-04-05 10:36:34,816 [Worker-16] INFO  o.e.m.c.i.e.AbstractTransferListenerAdapter - Downloading https://repo.maven.apache.org/maven2/org/jgrapht/jgrapht/1.0.1/jgrapht-1.0.1.pom
2017-04-05 10:36:34,844 [Worker-16] INFO  o.e.m.c.i.e.AbstractTransferListenerAdapter - Downloaded https://repo.maven.apache.org/maven2/org/jgrapht/jgrapht/1.0.1/jgrapht-1.0.1.pom
2017-04-05 10:36:34,893 [Worker-16] INFO  o.e.m.c.i.e.AbstractTransferListenerAdapter - Downloaded https://repo.maven.apache.org/maven2/org/jgrapht/jgrapht/1.0.1/jgrapht-1.0.1.jar
2017-04-05 10:36:35,080 [Worker-8] INFO  o.e.m.c.i.l.LifecycleMappingFactory - Using org.eclipse.m2e.jdt.JarLifecycleMapping lifecycle mapping for MavenProject: osm2csv:osm2csv:0.0.1-SNAPSHOT @ E:\Program_Workspaces\Eclipse_WSP\Java\osm2csv\osm2csv\pom.xml.
2017-04-05 10:36:35,191 [Worker-8] WARN  o.e.m.c.i.embedder.EclipseLogger - Using platform encoding (Cp1252 actually) to copy filtered resources, i.e. build is platform dependent!
2017-04-05 10:36:35,191 [Worker-8] INFO  o.e.m.c.i.embedder.EclipseLogger - skip non existing resourceDirectory E:\Program_Workspaces\Eclipse_WSP\Java\osm2csv\osm2csv\src\main\resources
2017-04-05 10:36:35,193 [Worker-8] WARN  o.e.m.c.i.embedder.EclipseLogger - Using platform encoding (Cp1252 actually) to copy filtered resources, i.e. build is platform dependent!
2017-04-05 10:36:35,193 [Worker-8] INFO  o.e.m.c.i.embedder.EclipseLogger - skip non existing resourceDirectory E:\Program_Workspaces\Eclipse_WSP\Java\osm2csv\osm2csv\src\test\resources
2017-04-05 10:37:10,752 [Worker-3] INFO  o.e.m.c.i.l.LifecycleMappingFactory - Using org.eclipse.m2e.jdt.JarLifecycleMapping lifecycle mapping for MavenProject: osm2csv:osm2csv:0.0.1-SNAPSHOT @ E:\Program_Workspaces\Eclipse_WSP\Java\osm2csv\osm2csv\pom.xml.
2017-04-05 10:37:10,857 [Worker-3] WARN  o.e.m.c.i.embedder.EclipseLogger - Using platform encoding (Cp1252 actually) to copy filtered resources, i.e. build is platform dependent!
2017-04-05 10:37:10,858 [Worker-3] INFO  o.e.m.c.i.embedder.EclipseLogger - skip non existing resourceDirectory E:\Program_Workspaces\Eclipse_WSP\Java\osm2csv\osm2csv\src\main\resources
2017-04-05 10:37:10,860 [Worker-3] WARN  o.e.m.c.i.embedder.EclipseLogger - Using platform encoding (Cp1252 actually) to copy filtered resources, i.e. build is platform dependent!
2017-04-05 10:37:10,860 [Worker-3] INFO  o.e.m.c.i.embedder.EclipseLogger - skip non existing resourceDirectory E:\Program_Workspaces\Eclipse_WSP\Java\osm2csv\osm2csv\src\test\resources
2017-04-05 10:38:43,755 [Worker-17] INFO  o.e.m.c.i.l.LifecycleMappingFactory - Using org.eclipse.m2e.jdt.JarLifecycleMapping lifecycle mapping for MavenProject: osm2csv:osm2csv:0.0.1-SNAPSHOT @ E:\Program_Workspaces\Eclipse_WSP\Java\osm2csv\osm2csv\pom.xml.
2017-04-05 10:38:43,878 [Worker-17] WARN  o.e.m.c.i.embedder.EclipseLogger - The artifact jgrapht:jgrapht:jar:0.7.3 has been relocated to org.jgrapht:jgrapht-jdk1.5:jar:0.7.3
2017-04-05 10:38:43,933 [Worker-6] WARN  o.e.m.c.i.embedder.EclipseLogger - The artifact jgrapht:jgrapht:jar:0.7.3 has been relocated to org.jgrapht:jgrapht-jdk1.5:jar:0.7.3
2017-04-05 10:38:44,015 [Worker-17] WARN  o.e.m.c.i.embedder.EclipseLogger - Using platform encoding (Cp1252 actually) to copy filtered resources, i.e. build is platform dependent!
2017-04-05 10:38:44,016 [Worker-17] INFO  o.e.m.c.i.embedder.EclipseLogger - skip non existing resourceDirectory E:\Program_Workspaces\Eclipse_WSP\Java\osm2csv\osm2csv\src\main\resources
2017-04-05 10:38:44,018 [Worker-17] WARN  o.e.m.c.i.embedder.EclipseLogger - Using platform encoding (Cp1252 actually) to copy filtered resources, i.e. build is platform dependent!
2017-04-05 10:38:44,018 [Worker-17] INFO  o.e.m.c.i.embedder.EclipseLogger - skip non existing resourceDirectory E:\Program_Workspaces\Eclipse_WSP\Java\osm2csv\osm2csv\src\test\resources
2017-04-05 10:38:57,234 [Worker-18] INFO  o.e.m.c.i.l.LifecycleMappingFactory - Using org.eclipse.m2e.jdt.JarLifecycleMapping lifecycle mapping for MavenProject: osm2csv:osm2csv:0.0.1-SNAPSHOT @ E:\Program_Workspaces\Eclipse_WSP\Java\osm2csv\osm2csv\pom.xml.
2017-04-05 10:38:57,382 [Worker-18] INFO  o.e.m.c.i.e.AbstractTransferListenerAdapter - Downloaded https://repo.maven.apache.org/maven2/jgrapht/jgrapht/1.0.1/jgrapht-1.0.1.pom
2017-04-05 10:38:57,383 [Worker-18] WARN  o.e.m.c.i.embedder.EclipseLogger - The POM for jgrapht:jgrapht:jar:1.0.1 is missing, no dependency information available
2017-04-05 10:38:57,530 [Worker-18] INFO  o.e.m.c.i.e.AbstractTransferListenerAdapter - Downloaded https://repo.maven.apache.org/maven2/jgrapht/jgrapht/1.0.1/jgrapht-1.0.1.jar
2017-04-05 10:38:57,585 [Worker-6] WARN  o.e.m.c.i.embedder.EclipseLogger - The POM for jgrapht:jgrapht:jar:1.0.1 is missing, no dependency information available
2017-04-05 10:38:57,593 [Worker-6] WARN  o.e.m.c.i.embedder.EclipseLogger - The POM for jgrapht:jgrapht:jar:1.0.1 is missing, no dependency information available
2017-04-05 10:38:57,662 [Worker-18] WARN  o.e.m.c.i.embedder.EclipseLogger - Using platform encoding (Cp1252 actually) to copy filtered resources, i.e. build is platform dependent!
2017-04-05 10:38:57,663 [Worker-18] INFO  o.e.m.c.i.embedder.EclipseLogger - skip non existing resourceDirectory E:\Program_Workspaces\Eclipse_WSP\Java\osm2csv\osm2csv\src\main\resources
2017-04-05 10:38:57,665 [Worker-18] WARN  o.e.m.c.i.embedder.EclipseLogger - Using platform encoding (Cp1252 actually) to copy filtered resources, i.e. build is platform dependent!
2017-04-05 10:38:57,665 [Worker-18] INFO  o.e.m.c.i.embedder.EclipseLogger - skip non existing resourceDirectory E:\Program_Workspaces\Eclipse_WSP\Java\osm2csv\osm2csv\src\test\resources
2017-04-05 10:39:14,788 [Worker-3] INFO  o.e.m.c.i.l.LifecycleMappingFactory - Using org.eclipse.m2e.jdt.JarLifecycleMapping lifecycle mapping for MavenProject: osm2csv:osm2csv:0.0.1-SNAPSHOT @ E:\Program_Workspaces\Eclipse_WSP\Java\osm2csv\osm2csv\pom.xml.
2017-04-05 10:39:14,907 [Worker-3] WARN  o.e.m.c.i.embedder.EclipseLogger - Using platform encoding (Cp1252 actually) to copy filtered resources, i.e. build is platform dependent!
2017-04-05 10:39:14,908 [Worker-3] INFO  o.e.m.c.i.embedder.EclipseLogger - skip non existing resourceDirectory E:\Program_Workspaces\Eclipse_WSP\Java\osm2csv\osm2csv\src\main\resources
2017-04-05 10:39:14,910 [Worker-3] WARN  o.e.m.c.i.embedder.EclipseLogger - Using platform encoding (Cp1252 actually) to copy filtered resources, i.e. build is platform dependent!
2017-04-05 10:39:14,910 [Worker-3] INFO  o.e.m.c.i.embedder.EclipseLogger - skip non existing resourceDirectory E:\Program_Workspaces\Eclipse_WSP\Java\osm2csv\osm2csv\src\test\resources
2017-04-05 10:39:29,346 [Worker-1] INFO  o.e.m.c.i.l.LifecycleMappingFactory - Using org.eclipse.m2e.jdt.JarLifecycleMapping lifecycle mapping for MavenProject: osm2csv:osm2csv:0.0.1-SNAPSHOT @ E:\Program_Workspaces\Eclipse_WSP\Java\osm2csv\osm2csv\pom.xml.
2017-04-05 10:39:29,350 [Worker-1] WARN  o.e.m.c.i.embedder.EclipseLogger - The artifact jgrapht:jgrapht:jar:0.7.3 has been relocated to org.jgrapht:jgrapht-jdk1.5:jar:0.7.3
2017-04-05 10:39:29,383 [Worker-7] WARN  o.e.m.c.i.embedder.EclipseLogger - The artifact jgrapht:jgrapht:jar:0.7.3 has been relocated to org.jgrapht:jgrapht-jdk1.5:jar:0.7.3
2017-04-05 10:39:29,434 [Worker-1] WARN  o.e.m.c.i.embedder.EclipseLogger - Using platform encoding (Cp1252 actually) to copy filtered resources, i.e. build is platform dependent!
2017-04-05 10:39:29,434 [Worker-1] INFO  o.e.m.c.i.embedder.EclipseLogger - skip non existing resourceDirectory E:\Program_Workspaces\Eclipse_WSP\Java\osm2csv\osm2csv\src\main\resources
2017-04-05 10:39:29,436 [Worker-1] WARN  o.e.m.c.i.embedder.EclipseLogger - Using platform encoding (Cp1252 actually) to copy filtered resources, i.e. build is platform dependent!
2017-04-05 10:39:29,437 [Worker-1] INFO  o.e.m.c.i.embedder.EclipseLogger - skip non existing resourceDirectory E:\Program_Workspaces\Eclipse_WSP\Java\osm2csv\osm2csv\src\test\resources
2017-04-05 10:40:25,039 [Worker-17] INFO  o.e.m.c.i.l.LifecycleMappingFactory - Using org.eclipse.m2e.jdt.JarLifecycleMapping lifecycle mapping for MavenProject: osm2csv:osm2csv:0.0.1-SNAPSHOT @ E:\Program_Workspaces\Eclipse_WSP\Java\osm2csv\osm2csv\pom.xml.
2017-04-05 10:40:25,107 [Worker-17] WARN  o.e.m.c.i.embedder.EclipseLogger - The artifact jgrapht:jgrapht:jar:0.7.3 has been relocated to org.jgrapht:jgrapht-jdk1.5:jar:0.7.3
2017-04-05 10:40:25,108 [Worker-17] WARN  o.e.m.c.i.embedder.EclipseLogger - The artifact kxml2:kxml2:jar:2.3.0 has been relocated to net.sf.kxml:kxml2:jar:2.3.0
2017-04-05 10:40:25,222 [Worker-19] WARN  o.e.m.c.i.embedder.EclipseLogger - The artifact jgrapht:jgrapht:jar:0.7.3 has been relocated to org.jgrapht:jgrapht-jdk1.5:jar:0.7.3
2017-04-05 10:40:25,223 [Worker-19] WARN  o.e.m.c.i.embedder.EclipseLogger - The artifact kxml2:kxml2:jar:2.3.0 has been relocated to net.sf.kxml:kxml2:jar:2.3.0
2017-04-05 10:40:25,281 [Worker-17] WARN  o.e.m.c.i.embedder.EclipseLogger - Using platform encoding (Cp1252 actually) to copy filtered resources, i.e. build is platform dependent!
2017-04-05 10:40:25,282 [Worker-17] INFO  o.e.m.c.i.embedder.EclipseLogger - skip non existing resourceDirectory E:\Program_Workspaces\Eclipse_WSP\Java\osm2csv\osm2csv\src\main\resources
2017-04-05 10:40:25,284 [Worker-17] WARN  o.e.m.c.i.embedder.EclipseLogger - Using platform encoding (Cp1252 actually) to copy filtered resources, i.e. build is platform dependent!
2017-04-05 10:40:25,284 [Worker-17] INFO  o.e.m.c.i.embedder.EclipseLogger - skip non existing resourceDirectory E:\Program_Workspaces\Eclipse_WSP\Java\osm2csv\osm2csv\src\test\resources
2017-04-05 10:41:07,440 [Worker-6] WARN  o.e.m.c.i.embedder.EclipseLogger - Using platform encoding (Cp1252 actually) to copy filtered resources, i.e. build is platform dependent!
2017-04-05 10:41:07,441 [Worker-6] INFO  o.e.m.c.i.embedder.EclipseLogger - skip non existing resourceDirectory E:\Program_Workspaces\Eclipse_WSP\Java\osm2csv\osm2csv\src\main\resources
2017-04-05 10:41:07,442 [Worker-6] WARN  o.e.m.c.i.embedder.EclipseLogger - Using platform encoding (Cp1252 actually) to copy filtered resources, i.e. build is platform dependent!
2017-04-05 10:41:07,443 [Worker-6] INFO  o.e.m.c.i.embedder.EclipseLogger - skip non existing resourceDirectory E:\Program_Workspaces\Eclipse_WSP\Java\osm2csv\osm2csv\src\test\resources
2017-04-05 10:41:44,047 [Worker-1] WARN  o.e.m.c.i.embedder.EclipseLogger - Using platform encoding (Cp1252 actually) to copy filtered resources, i.e. build is platform dependent!
2017-04-05 10:41:44,048 [Worker-1] INFO  o.e.m.c.i.embedder.EclipseLogger - skip non existing resourceDirectory E:\Program_Workspaces\Eclipse_WSP\Java\osm2csv\osm2csv\src\main\resources
2017-04-05 10:41:44,051 [Worker-1] WARN  o.e.m.c.i.embedder.EclipseLogger - Using platform encoding (Cp1252 actually) to copy filtered resources, i.e. build is platform dependent!
2017-04-05 10:41:44,052 [Worker-1] INFO  o.e.m.c.i.embedder.EclipseLogger - skip non existing resourceDirectory E:\Program_Workspaces\Eclipse_WSP\Java\osm2csv\osm2csv\src\test\resources
2017-04-05 10:42:02,823 [Worker-16] WARN  o.e.m.c.i.embedder.EclipseLogger - Using platform encoding (Cp1252 actually) to copy filtered resources, i.e. build is platform dependent!
2017-04-05 10:42:02,825 [Worker-16] INFO  o.e.m.c.i.embedder.EclipseLogger - skip non existing resourceDirectory E:\Program_Workspaces\Eclipse_WSP\Java\osm2csv\osm2csv\src\main\resources
2017-04-05 10:42:02,827 [Worker-16] WARN  o.e.m.c.i.embedder.EclipseLogger - Using platform encoding (Cp1252 actually) to copy filtered resources, i.e. build is platform dependent!
2017-04-05 10:42:02,828 [Worker-16] INFO  o.e.m.c.i.embedder.EclipseLogger - skip non existing resourceDirectory E:\Program_Workspaces\Eclipse_WSP\Java\osm2csv\osm2csv\src\test\resources
